1                                           The SAS System            13:44 Tuesday, February 21, 2017

NOTE: Copyright (c) 2002-2012 by SAS Institute Inc., Cary, NC, USA. 
NOTE: SAS (r) Proprietary Software 9.4 (TS1M2) 
      Licensed to SOCIAL & SCIENTIFIC SYSTEMS INC/AHRQ4, Site 70109165.
NOTE: This session is executing on the X64_7PRO  platform.



NOTE: Updated analytical products:
      
      SAS/STAT 13.2

NOTE: Additional host information:

 X64_7PRO WIN 6.1.7601 Service Pack 1 Workstation

NOTE: SAS initialization used:
      real time           0.39 seconds
      cpu time            0.46 seconds
      

NOTE: AUTOEXEC processing beginning; file is \\source.ahrq.local\source\MEPS\_PUFINFO\autoexec.sas.

local directory autoexec processed

NOTE: AUTOEXEC processing completed.

1          /**********************************************************************************
2          
3          PROGRAM:      C:\MEPS\SAS\PROG\EXERCISE8.SAS
4          
5          DESCRIPTION:  THIS PROGRAM ILLUSTRATES HOW TO POOL MEPS LONGITUDINAL DATA FILES FROM DIFFERENT PANELS
6                        THE EXAMPLE USED IS PANELS 15-17 POPULATION AGE 26-30 WHO ARE UNINSURED BUT HAVE HIGH INCOME IN THE FIRST
6        ! YEAR
7          
8          	            DATA FROM PANELS 15, 16, AND 17 ARE POOLED.
9          
10         INPUT FILE:   (1) C:\MEPS\SAS\DATA\H172.SAS7BDAT (PANEL 18 LONGITUDINAL FILE)
11         	            (2) C:\MEPS\SAS\DATA\H164.SAS7BDAT (PANEL 17 LONGITUDINAL FILE)
12         	            (3) C:\MEPS\SAS\DATA\H156.SAS7BDAT (PANEL 16 LONGITUDINAL FILE)
13         
14         *********************************************************************************/;
15         *LIBNAME CDATA 'C:\MEPS\SAS\DATA';
16         LIBNAME CDATA "\\programs.ahrq.local\programs\meps\AHRQ4_CY2\B_CFACT\BJ001DVK\Workshop_2017\SAS\Data";
NOTE: Libref CDATA was successfully assigned as follows: 
      Engine:        V9 
      Physical Name: \\programs.ahrq.local\programs\meps\AHRQ4_CY2\B_CFACT\BJ001DVK\Workshop_2017\SAS\Data
17         
18         OPTIONS NODATE;
19         TITLE1 '2017 AHRQ MEPS DATA USERS WORKSHOP';
20         TITLE2 'EXERCISE8.SAS: POOL MEPS DATA FILES FROM DIFFERENT PANELS (PANELS 16, 17, 18)';
21         
22         PROC FORMAT;
23         	
23       !  VALUE POVCAT
24             1 = '1 POOR/NEGATIVE'
25             2 = '2 NEAR POOR'
26             3 = '3 LOW INCOME'
27             4 = '4 MIDDLE INCOME'
28             5 = '5 HIGH INCOME'
29             ;
NOTE: Format POVCAT has been output.
30         
31         	
31       !  VALUE INSF
32         	-1= '-1 INAPPLICABLE'
33         	1 = '1 ANY PRIVATE'
34         	2 = '2 PUBLIC ONLY'
35         	3 = '3 UNINSURED';
NOTE: Format INSF has been output.
36         
37             VALUE AGE
38             26-30='26-30'
39             0-25, 31-HIGH='0-25, 31+';
NOTE: Format AGE has been output.
40         run;

NOTE: PROCEDURE FORMAT used (Total process time):
2                                                          The SAS System

      real time           0.01 seconds
      cpu time            0.01 seconds
      

41         
42         /* RENAME YEAR SPECIFIC VARIABLES PRIOR TO COMBINING FILES */
43         DATA POOL;
44              LENGTH INSCOVY1 INSCOVY2 PANEL AGEY1X POVCATY1 VARSTR VARPSU 8;
45         	   SET CDATA.H156 (KEEP=DUPERSID INSCOVY1 INSCOVY2 LONGWT VARSTR VARPSU POVCATY1 AGEY1X PANEL)
46         	       CDATA.H164 (KEEP=DUPERSID INSCOVY1 INSCOVY2 LONGWT VARSTR VARPSU POVCATY1 AGEY1X PANEL)
47         	       CDATA.H172 (KEEP=DUPERSID INSCOVY1 INSCOVY2 LONGWT VARSTR VARPSU POVCATY1 AGEY1X PANEL);
48              POOLWT = LONGWT/3 ;
49         
50              IF INSCOVY1=3 AND 26 LE AGEY1X LE 30 AND POVCATY1=5 THEN SUBPOP=1;
51              ELSE SUBPOP=2;
52         
53              LABEL SUBPOP='POPULATION WITH AGE=26-30, UNINSURED, AND HIGH INCOME IN FIRST YEAR'
54                    INSCOVY2="HEALTH INSURANCE COVERAGE INDICATOR IN YEAR 2";
55         RUN;

NOTE: There were 18512 observations read from the data set CDATA.H156.
NOTE: There were 17923 observations read from the data set CDATA.H164.
NOTE: There were 16714 observations read from the data set CDATA.H172.
NOTE: The data set WORK.POOL has 53149 observations and 11 variables.
NOTE: DATA statement used (Total process time):
      real time           27.95 seconds
      cpu time            5.52 seconds
      

56         
57         TITLE3 "CHECK MISSING VALUES ON THE COMBINED DATA";
58         PROC MEANS DATA=POOL N NMISS;
59         RUN;

NOTE: Multiple concurrent threads will be used to summarize data.
NOTE: There were 53149 observations read from the data set WORK.POOL.
NOTE: The PROCEDURE MEANS printed page 1.
NOTE: PROCEDURE MEANS used (Total process time):
      real time           0.23 seconds
      cpu time            0.20 seconds
      

60         
61         TITLE3 'SUPPORTING CROSSTAB FOR THE CREATION OF THE SUBPOP FLAG';
62         PROC FREQ DATA=POOL;
63         TABLES SUBPOP SUBPOP*PANEL SUBPOP*INSCOVY1*AGEY1X*POVCATY1/LIST MISSING;
64         FORMAT AGEY1X AGE. POVCATY1 POVCAT. INSCOVY1 INSF.;
65         RUN;

NOTE: There were 53149 observations read from the data set WORK.POOL.
NOTE: The PROCEDURE FREQ printed page 2.
NOTE: PROCEDURE FREQ used (Total process time):
      real time           0.07 seconds
      cpu time            0.07 seconds
      

66         
67         
68         TITLE3 'INSURANCE STATUS IN THE SECOND YEAR FOR THOSE W/ AGE=26-30, UNINSURED WHOLE YEAR, AND HIGH INCOME IN THE FIRST
68       ! YEAR';
69         PROC SURVEYMEANS DATA=POOL NOBS MEAN STDERR;
70         	STRATUM VARSTR ;
71         	CLUSTER VARPSU ;
72         	WEIGHT  POOLWT;
73         	DOMAIN  SUBPOP;
74         	VAR  INSCOVY2;
75         	CLASS INSCOVY2;
76         	FORMAT INSCOVY2 INSF.;
77         RUN;

NOTE: Only one cluster in a stratum in domain POPULATION WITH AGE=26-30, UNINSURED, AND HIGH INCOME IN FIRST YEAR for variable(s) 
      INSCOVY2. The estimate of variance for INSCOVY2 will omit this stratum.
NOTE: The PROCEDURE SURVEYMEANS printed pages 3-4.
NOTE: PROCEDURE SURVEYMEANS used (Total process time):
      real time           0.43 seconds
      cpu time            0.43 seconds
      
3                                                          The SAS System


78         

NOTE: SAS Institute Inc., SAS Campus Drive, Cary, NC USA 27513-2414
NOTE: The SAS System used:
      real time           30.15 seconds
      cpu time            7.12 seconds
      
